<?xml version="1.0" encoding="UTF-8" ?>
<testsuite failures="0" time="0.528" errors="12" skipped="30" tests="42" name="helloworld.cucumber.RunTest">
  <properties>
    <property name="java.runtime.name" value="OpenJDK Runtime Environment"/>
    <property name="sun.boot.library.path" value="/usr/lib/jvm/java-6-openjdk-i386/jre/lib/i386"/>
    <property name="java.vm.version" value="20.0-b12"/>
    <property name="java.vm.vendor" value="Sun Microsystems Inc."/>
    <property name="java.vendor.url" value="http://java.sun.com/"/>
    <property name="path.separator" value=":"/>
    <property name="guice.disable.misplaced.annotation.check" value="true"/>
    <property name="java.vm.name" value="OpenJDK Client VM"/>
    <property name="file.encoding.pkg" value="sun.io"/>
    <property name="user.country" value="US"/>
    <property name="sun.java.launcher" value="SUN_STANDARD"/>
    <property name="sun.os.patch.level" value="unknown"/>
    <property name="java.vm.specification.name" value="Java Virtual Machine Specification"/>
    <property name="user.dir" value="/home/neopragma/projects/helloworld"/>
    <property name="java.runtime.version" value="1.6.0_27-b27"/>
    <property name="java.awt.graphicsenv" value="sun.awt.X11GraphicsEnvironment"/>
    <property name="java.endorsed.dirs" value="/usr/lib/jvm/java-6-openjdk-i386/jre/lib/endorsed"/>
    <property name="os.arch" value="i386"/>
    <property name="java.io.tmpdir" value="/tmp"/>
    <property name="line.separator" value="
"/>
    <property name="java.vm.specification.vendor" value="Sun Microsystems Inc."/>
    <property name="os.name" value="Linux"/>
    <property name="classworlds.conf" value="/home/neopragma/projects/i18n/.metadata/.plugins/org.eclipse.m2e.core/launches/m2conf4843338102356517529.tmp"/>
    <property name="sun.jnu.encoding" value="UTF-8"/>
    <property name="java.library.path" value="/usr/lib/jvm/java-6-openjdk-i386/jre/lib/i386/client:/usr/lib/jvm/java-6-openjdk-i386/jre/lib/i386:/usr/lib/jvm/java-6-openjdk-i386/jre/../lib/i386:/usr/lib/jvm/java-6-openjdk-i386/jre/lib/i386/client:/usr/lib/jvm/java-6-openjdk-i386/jre/lib/i386::/usr/java/packages/lib/i386:/usr/lib/i386-linux-gnu/jni:/lib/i386-linux-gnu:/usr/lib/i386-linux-gnu:/usr/lib/jni:/lib:/usr/lib"/>
    <property name="java.specification.name" value="Java Platform API Specification"/>
    <property name="java.class.version" value="50.0"/>
    <property name="sun.management.compiler" value="HotSpot Client Compiler"/>
    <property name="os.version" value="3.2.0-39-generic-pae"/>
    <property name="user.home" value="/home/neopragma"/>
    <property name="user.timezone" value="America/Los_Angeles"/>
    <property name="java.awt.printerjob" value="sun.print.PSPrinterJob"/>
    <property name="file.encoding" value="UTF-8"/>
    <property name="java.specification.version" value="1.6"/>
    <property name="user.name" value="neopragma"/>
    <property name="java.class.path" value="/home/neopragma/.eclipse/configuration/org.eclipse.osgi/bundles/856/1/.cp/jars/plexus-classworlds-2.4.jar"/>
    <property name="java.vm.specification.version" value="1.0"/>
    <property name="sun.arch.data.model" value="32"/>
    <property name="java.home" value="/usr/lib/jvm/java-6-openjdk-i386/jre"/>
    <property name="sun.java.command" value="org.codehaus.plexus.classworlds.launcher.Launcher -B install"/>
    <property name="java.specification.vendor" value="Sun Microsystems Inc."/>
    <property name="user.language" value="en"/>
    <property name="java.vm.info" value="mixed mode, sharing"/>
    <property name="java.version" value="1.6.0_27"/>
    <property name="java.ext.dirs" value="/usr/lib/jvm/java-6-openjdk-i386/jre/lib/ext:/usr/java/packages/lib/ext"/>
    <property name="securerandom.source" value="file:/dev/./urandom"/>
    <property name="sun.boot.class.path" value="/usr/lib/jvm/java-6-openjdk-i386/jre/lib/resources.jar:/usr/lib/jvm/java-6-openjdk-i386/jre/lib/rt.jar:/usr/lib/jvm/java-6-openjdk-i386/jre/lib/sunrsasign.jar:/usr/lib/jvm/java-6-openjdk-i386/jre/lib/jsse.jar:/usr/lib/jvm/java-6-openjdk-i386/jre/lib/jce.jar:/usr/lib/jvm/java-6-openjdk-i386/jre/lib/charsets.jar:/usr/lib/jvm/java-6-openjdk-i386/jre/lib/netx.jar:/usr/lib/jvm/java-6-openjdk-i386/jre/lib/plugin.jar:/usr/lib/jvm/java-6-openjdk-i386/jre/lib/rhino.jar:/usr/lib/jvm/java-6-openjdk-i386/jre/lib/modules/jdk.boot.jar:/usr/lib/jvm/java-6-openjdk-i386/jre/classes"/>
    <property name="java.vendor" value="Sun Microsystems Inc."/>
    <property name="maven.home" value="/home/neopragma/projects/helloworld/EMBEDDED"/>
    <property name="file.separator" value="/"/>
    <property name="java.vendor.url.bug" value="http://java.sun.com/cgi-bin/bugreport.cgi"/>
    <property name="sun.cpu.endian" value="little"/>
    <property name="sun.io.unicode.encoding" value="UnicodeLittle"/>
    <property name="sun.desktop" value="gnome"/>
    <property name="sun.cpu.isalist" value=""/>
  </properties>
  <testcase time="0.004" classname="Scenario: Hello World hard-coded" name="Given I am on the Greetings page">
    <error message="The path to the driver executable must be set by the webdriver.chrome.driver system property; for more information, see http://code.google.com/p/selenium/wiki/ChromeDriver. The latest version can be downloaded from http://code.google.com/p/chromedriver/downloads/list" type="java.lang.IllegalStateException">java.lang.IllegalStateException: The path to the driver executable must be set by the webdriver.chrome.driver system property; for more information, see http://code.google.com/p/selenium/wiki/ChromeDriver. The latest version can be downloaded from http://code.google.com/p/chromedriver/downloads/list
	at com.google.common.base.Preconditions.checkState(Preconditions.java:176)
	at org.openqa.selenium.remote.service.DriverService.findExecutable(DriverService.java:105)
	at org.openqa.selenium.chrome.ChromeDriverService.createDefaultService(ChromeDriverService.java:69)
	at org.openqa.selenium.chrome.ChromeDriver.&lt;init&gt;(ChromeDriver.java:107)
	at com.neopragma.java.pageobject.SeleniumWebDriver.startWebDriver(SeleniumWebDriver.java:74)
	at com.neopragma.java.pageobject.SeleniumWebDriver.webDriver(SeleniumWebDriver.java:50)
	at com.neopragma.java.pageobject.Page.webDriver(Page.java:50)
	at com.neopragma.java.pageobject.Page.navigateTo(Page.java:152)
	at com.neopragma.java.pageobject.Page.navigateTo(Page.java:144)
	at helloworld.cucumber.HelloWorldStepdefs.on_the_greetings_page(HelloWorldStepdefs.java:28)
	at ✽.Given I am on the Greetings page(helloworld/cucumber/helloworld.feature:8)
</error>
  </testcase>
  <testcase time="0.007" classname="Scenario: Hello World hard-coded" name="Scenario: Hello World hard-coded">
    <error message="The path to the driver executable must be set by the webdriver.chrome.driver system property; for more information, see http://code.google.com/p/selenium/wiki/ChromeDriver. The latest version can be downloaded from http://code.google.com/p/chromedriver/downloads/list" type="java.lang.IllegalStateException">java.lang.IllegalStateException: The path to the driver executable must be set by the webdriver.chrome.driver system property; for more information, see http://code.google.com/p/selenium/wiki/ChromeDriver. The latest version can be downloaded from http://code.google.com/p/chromedriver/downloads/list
	at com.google.common.base.Preconditions.checkState(Preconditions.java:176)
	at org.openqa.selenium.remote.service.DriverService.findExecutable(DriverService.java:105)
	at org.openqa.selenium.chrome.ChromeDriverService.createDefaultService(ChromeDriverService.java:69)
	at org.openqa.selenium.chrome.ChromeDriver.&lt;init&gt;(ChromeDriver.java:107)
	at com.neopragma.java.pageobject.SeleniumWebDriver.startWebDriver(SeleniumWebDriver.java:74)
	at com.neopragma.java.pageobject.SeleniumWebDriver.webDriver(SeleniumWebDriver.java:50)
	at com.neopragma.java.pageobject.Page.webDriver(Page.java:50)
	at com.neopragma.java.pageobject.Page.navigateTo(Page.java:152)
	at com.neopragma.java.pageobject.Page.navigateTo(Page.java:144)
	at helloworld.cucumber.HelloWorldStepdefs.on_the_greetings_page(HelloWorldStepdefs.java:28)
	at ✽.Given I am on the Greetings page(helloworld/cucumber/helloworld.feature:8)
</error>
  </testcase>
  <testcase time="0.012" classname="Scenario: Hello World hard-coded" name="And the language is English">
    <skipped/>
  </testcase>
  <testcase time="0.012" classname="Scenario: Hello World hard-coded" name="When I ask it to say hello">
    <skipped/>
  </testcase>
  <testcase time="0.013" classname="Scenario: Hello World hard-coded" name="Then the greeting is Hello\u002C World">
    <skipped/>
  </testcase>
  <testcase time="0.014" classname="Scenario: Hello World hard-coded" name="Given I am on the Greetings page">
    <skipped/>
  </testcase>
  <testcase time="0.014" classname="Scenario: Hello World hard-coded" name="And the language is Spanish">
    <skipped/>
  </testcase>
  <testcase time="0.015" classname="Scenario: Hello World hard-coded" name="When I ask it to say hello">
    <skipped/>
  </testcase>
  <testcase time="0.017" classname="Scenario: Hello World hard-coded" name="Then the greeting is Hola\u002C Mundo">
    <skipped/>
  </testcase>
  <testcase time="0.018" classname="Scenario: Hello World hard-coded" name="Given I am on the Greetings page">
    <skipped/>
  </testcase>
  <testcase time="0.019" classname="Scenario: Hello World hard-coded" name="And the language is Russian">
    <skipped/>
  </testcase>
  <testcase time="0.019" classname="Scenario: Hello World hard-coded" name="When I ask it to say hello">
    <skipped/>
  </testcase>
  <testcase time="0.02" classname="Scenario: Hello World hard-coded" name="Then the greeting is \u043F\u0440\u0438\u0432\u0435\u0442\u002C \u043C\u0438\u0440">
    <skipped/>
  </testcase>
  <testcase time="0.02" classname="Scenario: Hello World hard-coded" name="Given I am on the Greetings page">
    <skipped/>
  </testcase>
  <testcase time="0.021" classname="Scenario: Hello World hard-coded" name="And the language is Japanese">
    <skipped/>
  </testcase>
  <testcase time="0.022" classname="Scenario: Hello World hard-coded" name="When I ask it to say hello">
    <skipped/>
  </testcase>
  <testcase time="0.022" classname="Scenario: Hello World hard-coded" name="Then the greeting is \u3053\u3093\u306B\u3061\u306F\u4E16\u754C">
    <skipped/>
  </testcase>
  <testcase time="0" classname="| English | Hello\u002C World |" name="Given I am on the Greetings page">
    <error message="The path to the driver executable must be set by the webdriver.chrome.driver system property; for more information, see http://code.google.com/p/selenium/wiki/ChromeDriver. The latest version can be downloaded from http://code.google.com/p/chromedriver/downloads/list" type="java.lang.IllegalStateException">java.lang.IllegalStateException: The path to the driver executable must be set by the webdriver.chrome.driver system property; for more information, see http://code.google.com/p/selenium/wiki/ChromeDriver. The latest version can be downloaded from http://code.google.com/p/chromedriver/downloads/list
	at com.google.common.base.Preconditions.checkState(Preconditions.java:176)
	at org.openqa.selenium.remote.service.DriverService.findExecutable(DriverService.java:105)
	at org.openqa.selenium.chrome.ChromeDriverService.createDefaultService(ChromeDriverService.java:69)
	at org.openqa.selenium.chrome.ChromeDriver.&lt;init&gt;(ChromeDriver.java:107)
	at com.neopragma.java.pageobject.SeleniumWebDriver.startWebDriver(SeleniumWebDriver.java:74)
	at com.neopragma.java.pageobject.SeleniumWebDriver.webDriver(SeleniumWebDriver.java:50)
	at com.neopragma.java.pageobject.Page.webDriver(Page.java:50)
	at com.neopragma.java.pageobject.Page.navigateTo(Page.java:152)
	at com.neopragma.java.pageobject.Page.navigateTo(Page.java:144)
	at helloworld.cucumber.HelloWorldStepdefs.on_the_greetings_page(HelloWorldStepdefs.java:28)
	at ✽.Given I am on the Greetings page(helloworld/cucumber/helloworld.feature:30)
</error>
  </testcase>
  <testcase time="0" classname="| English | Hello\u002C World |" name="| English | Hello\u002C World |">
    <error message="The path to the driver executable must be set by the webdriver.chrome.driver system property; for more information, see http://code.google.com/p/selenium/wiki/ChromeDriver. The latest version can be downloaded from http://code.google.com/p/chromedriver/downloads/list" type="java.lang.IllegalStateException">java.lang.IllegalStateException: The path to the driver executable must be set by the webdriver.chrome.driver system property; for more information, see http://code.google.com/p/selenium/wiki/ChromeDriver. The latest version can be downloaded from http://code.google.com/p/chromedriver/downloads/list
	at com.google.common.base.Preconditions.checkState(Preconditions.java:176)
	at org.openqa.selenium.remote.service.DriverService.findExecutable(DriverService.java:105)
	at org.openqa.selenium.chrome.ChromeDriverService.createDefaultService(ChromeDriverService.java:69)
	at org.openqa.selenium.chrome.ChromeDriver.&lt;init&gt;(ChromeDriver.java:107)
	at com.neopragma.java.pageobject.SeleniumWebDriver.startWebDriver(SeleniumWebDriver.java:74)
	at com.neopragma.java.pageobject.SeleniumWebDriver.webDriver(SeleniumWebDriver.java:50)
	at com.neopragma.java.pageobject.Page.webDriver(Page.java:50)
	at com.neopragma.java.pageobject.Page.navigateTo(Page.java:152)
	at com.neopragma.java.pageobject.Page.navigateTo(Page.java:144)
	at helloworld.cucumber.HelloWorldStepdefs.on_the_greetings_page(HelloWorldStepdefs.java:28)
	at ✽.Given I am on the Greetings page(helloworld/cucumber/helloworld.feature:30)
</error>
  </testcase>
  <testcase time="0.035" classname="| English | Hello\u002C World |" name="And the language is English">
    <skipped/>
  </testcase>
  <testcase time="0.036" classname="| English | Hello\u002C World |" name="When I ask it to say hello">
    <skipped/>
  </testcase>
  <testcase time="0.037" classname="| English | Hello\u002C World |" name="Then the greeting is Hello\u002C World">
    <skipped/>
  </testcase>
  <testcase time="0" classname="| Spanish | Hola\u002C Mundo |" name="Given I am on the Greetings page">
    <error message="The path to the driver executable must be set by the webdriver.chrome.driver system property; for more information, see http://code.google.com/p/selenium/wiki/ChromeDriver. The latest version can be downloaded from http://code.google.com/p/chromedriver/downloads/list" type="java.lang.IllegalStateException">java.lang.IllegalStateException: The path to the driver executable must be set by the webdriver.chrome.driver system property; for more information, see http://code.google.com/p/selenium/wiki/ChromeDriver. The latest version can be downloaded from http://code.google.com/p/chromedriver/downloads/list
	at com.google.common.base.Preconditions.checkState(Preconditions.java:176)
	at org.openqa.selenium.remote.service.DriverService.findExecutable(DriverService.java:105)
	at org.openqa.selenium.chrome.ChromeDriverService.createDefaultService(ChromeDriverService.java:69)
	at org.openqa.selenium.chrome.ChromeDriver.&lt;init&gt;(ChromeDriver.java:107)
	at com.neopragma.java.pageobject.SeleniumWebDriver.startWebDriver(SeleniumWebDriver.java:74)
	at com.neopragma.java.pageobject.SeleniumWebDriver.webDriver(SeleniumWebDriver.java:50)
	at com.neopragma.java.pageobject.Page.webDriver(Page.java:50)
	at com.neopragma.java.pageobject.Page.navigateTo(Page.java:152)
	at com.neopragma.java.pageobject.Page.navigateTo(Page.java:144)
	at helloworld.cucumber.HelloWorldStepdefs.on_the_greetings_page(HelloWorldStepdefs.java:28)
	at ✽.Given I am on the Greetings page(helloworld/cucumber/helloworld.feature:30)
</error>
  </testcase>
  <testcase time="0" classname="| Spanish | Hola\u002C Mundo |" name="| Spanish | Hola\u002C Mundo |">
    <error message="The path to the driver executable must be set by the webdriver.chrome.driver system property; for more information, see http://code.google.com/p/selenium/wiki/ChromeDriver. The latest version can be downloaded from http://code.google.com/p/chromedriver/downloads/list" type="java.lang.IllegalStateException">java.lang.IllegalStateException: The path to the driver executable must be set by the webdriver.chrome.driver system property; for more information, see http://code.google.com/p/selenium/wiki/ChromeDriver. The latest version can be downloaded from http://code.google.com/p/chromedriver/downloads/list
	at com.google.common.base.Preconditions.checkState(Preconditions.java:176)
	at org.openqa.selenium.remote.service.DriverService.findExecutable(DriverService.java:105)
	at org.openqa.selenium.chrome.ChromeDriverService.createDefaultService(ChromeDriverService.java:69)
	at org.openqa.selenium.chrome.ChromeDriver.&lt;init&gt;(ChromeDriver.java:107)
	at com.neopragma.java.pageobject.SeleniumWebDriver.startWebDriver(SeleniumWebDriver.java:74)
	at com.neopragma.java.pageobject.SeleniumWebDriver.webDriver(SeleniumWebDriver.java:50)
	at com.neopragma.java.pageobject.Page.webDriver(Page.java:50)
	at com.neopragma.java.pageobject.Page.navigateTo(Page.java:152)
	at com.neopragma.java.pageobject.Page.navigateTo(Page.java:144)
	at helloworld.cucumber.HelloWorldStepdefs.on_the_greetings_page(HelloWorldStepdefs.java:28)
	at ✽.Given I am on the Greetings page(helloworld/cucumber/helloworld.feature:30)
</error>
  </testcase>
  <testcase time="0.016" classname="| Spanish | Hola\u002C Mundo |" name="And the language is Spanish">
    <skipped/>
  </testcase>
  <testcase time="0.017" classname="| Spanish | Hola\u002C Mundo |" name="When I ask it to say hello">
    <skipped/>
  </testcase>
  <testcase time="0.018" classname="| Spanish | Hola\u002C Mundo |" name="Then the greeting is Hola\u002C Mundo">
    <skipped/>
  </testcase>
  <testcase time="0" classname="| this one | will fail |" name="Given I am on the Greetings page">
    <error message="The path to the driver executable must be set by the webdriver.chrome.driver system property; for more information, see http://code.google.com/p/selenium/wiki/ChromeDriver. The latest version can be downloaded from http://code.google.com/p/chromedriver/downloads/list" type="java.lang.IllegalStateException">java.lang.IllegalStateException: The path to the driver executable must be set by the webdriver.chrome.driver system property; for more information, see http://code.google.com/p/selenium/wiki/ChromeDriver. The latest version can be downloaded from http://code.google.com/p/chromedriver/downloads/list
	at com.google.common.base.Preconditions.checkState(Preconditions.java:176)
	at org.openqa.selenium.remote.service.DriverService.findExecutable(DriverService.java:105)
	at org.openqa.selenium.chrome.ChromeDriverService.createDefaultService(ChromeDriverService.java:69)
	at org.openqa.selenium.chrome.ChromeDriver.&lt;init&gt;(ChromeDriver.java:107)
	at com.neopragma.java.pageobject.SeleniumWebDriver.startWebDriver(SeleniumWebDriver.java:74)
	at com.neopragma.java.pageobject.SeleniumWebDriver.webDriver(SeleniumWebDriver.java:50)
	at com.neopragma.java.pageobject.Page.webDriver(Page.java:50)
	at com.neopragma.java.pageobject.Page.navigateTo(Page.java:152)
	at com.neopragma.java.pageobject.Page.navigateTo(Page.java:144)
	at helloworld.cucumber.HelloWorldStepdefs.on_the_greetings_page(HelloWorldStepdefs.java:28)
	at ✽.Given I am on the Greetings page(helloworld/cucumber/helloworld.feature:30)
</error>
  </testcase>
  <testcase time="0.001" classname="| this one | will fail |" name="| this one | will fail |">
    <error message="The path to the driver executable must be set by the webdriver.chrome.driver system property; for more information, see http://code.google.com/p/selenium/wiki/ChromeDriver. The latest version can be downloaded from http://code.google.com/p/chromedriver/downloads/list" type="java.lang.IllegalStateException">java.lang.IllegalStateException: The path to the driver executable must be set by the webdriver.chrome.driver system property; for more information, see http://code.google.com/p/selenium/wiki/ChromeDriver. The latest version can be downloaded from http://code.google.com/p/chromedriver/downloads/list
	at com.google.common.base.Preconditions.checkState(Preconditions.java:176)
	at org.openqa.selenium.remote.service.DriverService.findExecutable(DriverService.java:105)
	at org.openqa.selenium.chrome.ChromeDriverService.createDefaultService(ChromeDriverService.java:69)
	at org.openqa.selenium.chrome.ChromeDriver.&lt;init&gt;(ChromeDriver.java:107)
	at com.neopragma.java.pageobject.SeleniumWebDriver.startWebDriver(SeleniumWebDriver.java:74)
	at com.neopragma.java.pageobject.SeleniumWebDriver.webDriver(SeleniumWebDriver.java:50)
	at com.neopragma.java.pageobject.Page.webDriver(Page.java:50)
	at com.neopragma.java.pageobject.Page.navigateTo(Page.java:152)
	at com.neopragma.java.pageobject.Page.navigateTo(Page.java:144)
	at helloworld.cucumber.HelloWorldStepdefs.on_the_greetings_page(HelloWorldStepdefs.java:28)
	at ✽.Given I am on the Greetings page(helloworld/cucumber/helloworld.feature:30)
</error>
  </testcase>
  <testcase time="0.014" classname="| this one | will fail |" name="And the language is this one">
    <skipped/>
  </testcase>
  <testcase time="0.014" classname="| this one | will fail |" name="When I ask it to say hello">
    <skipped/>
  </testcase>
  <testcase time="0.014" classname="| this one | will fail |" name="Then the greeting is will fail">
    <skipped/>
  </testcase>
  <testcase time="0" classname="| Russian | \u043F\u0440\u0438\u0432\u0435\u0442\u002C \u043C\u0438\u0440 |" name="Given I am on the Greetings page">
    <error message="The path to the driver executable must be set by the webdriver.chrome.driver system property; for more information, see http://code.google.com/p/selenium/wiki/ChromeDriver. The latest version can be downloaded from http://code.google.com/p/chromedriver/downloads/list" type="java.lang.IllegalStateException">java.lang.IllegalStateException: The path to the driver executable must be set by the webdriver.chrome.driver system property; for more information, see http://code.google.com/p/selenium/wiki/ChromeDriver. The latest version can be downloaded from http://code.google.com/p/chromedriver/downloads/list
	at com.google.common.base.Preconditions.checkState(Preconditions.java:176)
	at org.openqa.selenium.remote.service.DriverService.findExecutable(DriverService.java:105)
	at org.openqa.selenium.chrome.ChromeDriverService.createDefaultService(ChromeDriverService.java:69)
	at org.openqa.selenium.chrome.ChromeDriver.&lt;init&gt;(ChromeDriver.java:107)
	at com.neopragma.java.pageobject.SeleniumWebDriver.startWebDriver(SeleniumWebDriver.java:74)
	at com.neopragma.java.pageobject.SeleniumWebDriver.webDriver(SeleniumWebDriver.java:50)
	at com.neopragma.java.pageobject.Page.webDriver(Page.java:50)
	at com.neopragma.java.pageobject.Page.navigateTo(Page.java:152)
	at com.neopragma.java.pageobject.Page.navigateTo(Page.java:144)
	at helloworld.cucumber.HelloWorldStepdefs.on_the_greetings_page(HelloWorldStepdefs.java:28)
	at ✽.Given I am on the Greetings page(helloworld/cucumber/helloworld.feature:30)
</error>
  </testcase>
  <testcase time="0" classname="| Russian | \u043F\u0440\u0438\u0432\u0435\u0442\u002C \u043C\u0438\u0440 |" name="| Russian | \u043F\u0440\u0438\u0432\u0435\u0442\u002C \u043C\u0438\u0440 |">
    <error message="The path to the driver executable must be set by the webdriver.chrome.driver system property; for more information, see http://code.google.com/p/selenium/wiki/ChromeDriver. The latest version can be downloaded from http://code.google.com/p/chromedriver/downloads/list" type="java.lang.IllegalStateException">java.lang.IllegalStateException: The path to the driver executable must be set by the webdriver.chrome.driver system property; for more information, see http://code.google.com/p/selenium/wiki/ChromeDriver. The latest version can be downloaded from http://code.google.com/p/chromedriver/downloads/list
	at com.google.common.base.Preconditions.checkState(Preconditions.java:176)
	at org.openqa.selenium.remote.service.DriverService.findExecutable(DriverService.java:105)
	at org.openqa.selenium.chrome.ChromeDriverService.createDefaultService(ChromeDriverService.java:69)
	at org.openqa.selenium.chrome.ChromeDriver.&lt;init&gt;(ChromeDriver.java:107)
	at com.neopragma.java.pageobject.SeleniumWebDriver.startWebDriver(SeleniumWebDriver.java:74)
	at com.neopragma.java.pageobject.SeleniumWebDriver.webDriver(SeleniumWebDriver.java:50)
	at com.neopragma.java.pageobject.Page.webDriver(Page.java:50)
	at com.neopragma.java.pageobject.Page.navigateTo(Page.java:152)
	at com.neopragma.java.pageobject.Page.navigateTo(Page.java:144)
	at helloworld.cucumber.HelloWorldStepdefs.on_the_greetings_page(HelloWorldStepdefs.java:28)
	at ✽.Given I am on the Greetings page(helloworld/cucumber/helloworld.feature:30)
</error>
  </testcase>
  <testcase time="0" classname="| Russian | \u043F\u0440\u0438\u0432\u0435\u0442\u002C \u043C\u0438\u0440 |" name="And the language is Russian">
    <skipped/>
  </testcase>
  <testcase time="0" classname="| Russian | \u043F\u0440\u0438\u0432\u0435\u0442\u002C \u043C\u0438\u0440 |" name="When I ask it to say hello">
    <skipped/>
  </testcase>
  <testcase time="0.008" classname="| Russian | \u043F\u0440\u0438\u0432\u0435\u0442\u002C \u043C\u0438\u0440 |" name="Then the greeting is \u043F\u0440\u0438\u0432\u0435\u0442\u002C \u043C\u0438\u0440">
    <skipped/>
  </testcase>
  <testcase time="0.001" classname="| Japanese | \u3053\u3093\u306B\u3061\u306F\u4E16\u754C |" name="Given I am on the Greetings page">
    <error message="The path to the driver executable must be set by the webdriver.chrome.driver system property; for more information, see http://code.google.com/p/selenium/wiki/ChromeDriver. The latest version can be downloaded from http://code.google.com/p/chromedriver/downloads/list" type="java.lang.IllegalStateException">java.lang.IllegalStateException: The path to the driver executable must be set by the webdriver.chrome.driver system property; for more information, see http://code.google.com/p/selenium/wiki/ChromeDriver. The latest version can be downloaded from http://code.google.com/p/chromedriver/downloads/list
	at com.google.common.base.Preconditions.checkState(Preconditions.java:176)
	at org.openqa.selenium.remote.service.DriverService.findExecutable(DriverService.java:105)
	at org.openqa.selenium.chrome.ChromeDriverService.createDefaultService(ChromeDriverService.java:69)
	at org.openqa.selenium.chrome.ChromeDriver.&lt;init&gt;(ChromeDriver.java:107)
	at com.neopragma.java.pageobject.SeleniumWebDriver.startWebDriver(SeleniumWebDriver.java:74)
	at com.neopragma.java.pageobject.SeleniumWebDriver.webDriver(SeleniumWebDriver.java:50)
	at com.neopragma.java.pageobject.Page.webDriver(Page.java:50)
	at com.neopragma.java.pageobject.Page.navigateTo(Page.java:152)
	at com.neopragma.java.pageobject.Page.navigateTo(Page.java:144)
	at helloworld.cucumber.HelloWorldStepdefs.on_the_greetings_page(HelloWorldStepdefs.java:28)
	at ✽.Given I am on the Greetings page(helloworld/cucumber/helloworld.feature:30)
</error>
  </testcase>
  <testcase time="0.001" classname="| Japanese | \u3053\u3093\u306B\u3061\u306F\u4E16\u754C |" name="| Japanese | \u3053\u3093\u306B\u3061\u306F\u4E16\u754C |">
    <error message="The path to the driver executable must be set by the webdriver.chrome.driver system property; for more information, see http://code.google.com/p/selenium/wiki/ChromeDriver. The latest version can be downloaded from http://code.google.com/p/chromedriver/downloads/list" type="java.lang.IllegalStateException">java.lang.IllegalStateException: The path to the driver executable must be set by the webdriver.chrome.driver system property; for more information, see http://code.google.com/p/selenium/wiki/ChromeDriver. The latest version can be downloaded from http://code.google.com/p/chromedriver/downloads/list
	at com.google.common.base.Preconditions.checkState(Preconditions.java:176)
	at org.openqa.selenium.remote.service.DriverService.findExecutable(DriverService.java:105)
	at org.openqa.selenium.chrome.ChromeDriverService.createDefaultService(ChromeDriverService.java:69)
	at org.openqa.selenium.chrome.ChromeDriver.&lt;init&gt;(ChromeDriver.java:107)
	at com.neopragma.java.pageobject.SeleniumWebDriver.startWebDriver(SeleniumWebDriver.java:74)
	at com.neopragma.java.pageobject.SeleniumWebDriver.webDriver(SeleniumWebDriver.java:50)
	at com.neopragma.java.pageobject.Page.webDriver(Page.java:50)
	at com.neopragma.java.pageobject.Page.navigateTo(Page.java:152)
	at com.neopragma.java.pageobject.Page.navigateTo(Page.java:144)
	at helloworld.cucumber.HelloWorldStepdefs.on_the_greetings_page(HelloWorldStepdefs.java:28)
	at ✽.Given I am on the Greetings page(helloworld/cucumber/helloworld.feature:30)
</error>
  </testcase>
  <testcase time="0.013" classname="| Japanese | \u3053\u3093\u306B\u3061\u306F\u4E16\u754C |" name="And the language is Japanese">
    <skipped/>
  </testcase>
  <testcase time="0.017" classname="| Japanese | \u3053\u3093\u306B\u3061\u306F\u4E16\u754C |" name="When I ask it to say hello">
    <skipped/>
  </testcase>
  <testcase time="0.017" classname="| Japanese | \u3053\u3093\u306B\u3061\u306F\u4E16\u754C |" name="Then the greeting is \u3053\u3093\u306B\u3061\u306F\u4E16\u754C">
    <skipped/>
  </testcase>
</testsuite>